<?xml version="1.0" encoding="UTF-8"?>
<coverage generated="1659072289901" clover="3.2.0">
  <project timestamp="1659072289901" name="All files">
    <metrics statements="10" coveredstatements="3" conditionals="1" coveredconditionals="0" methods="5" coveredmethods="2" elements="16" coveredelements="5" complexity="0" loc="10" ncloc="10" packages="1" files="1" classes="1"/>
    <file name="display.js" path="D:\PROJECTS\repos\meals\src\display.js">
      <metrics statements="10" coveredstatements="3" conditionals="1" coveredconditionals="0" methods="5" coveredmethods="2"/>
      <line num="3" count="1" type="stmt"/>
      <line num="4" count="1" type="stmt"/>
      <line num="8" count="0" type="stmt"/>
      <line num="9" count="0" type="stmt"/>
      <line num="13" count="0" type="stmt"/>
      <line num="20" count="0" type="stmt"/>
      <line num="23" count="1" type="stmt"/>
      <line num="24" count="0" type="stmt"/>
      <line num="28" count="0" type="stmt"/>
      <line num="29" count="0" type="stmt"/>
    </file>
  </project>
</coverage>
