{"D:\\PROJECTS\\repos\\meals\\src\\display.js": {"path":"D:\\PROJECTS\\repos\\meals\\src\\display.js","statementMap":{"0":{"start":{"line":3,"column":4},"end":{"line":3,"column":71}},"1":{"start":{"line":4,"column":4},"end":{"line":4,"column":121}},"2":{"start":{"line":8,"column":21},"end":{"line":8,"column":57}},"3":{"start":{"line":9,"column":4},"end":{"line":9,"column":27}},"4":{"start":{"line":13,"column":16},"end":{"line":19,"column":6}},"5":{"start":{"line":20,"column":4},"end":{"line":20,"column":15}},"6":{"start":{"line":23,"column":21},"end":{"line":23,"column":52}},"7":{"start":{"line":24,"column":4},"end":{"line":24,"column":27}},"8":{"start":{"line":28,"column":18},"end":{"line":28,"column":43}},"9":{"start":{"line":29,"column":4},"end":{"line":29,"column":24}}},"fnMap":{"0":{"name":"(anonymous_0)","decl":{"start":{"line":2,"column":2},"end":{"line":2,"column":3}},"loc":{"start":{"line":2,"column":16},"end":{"line":5,"column":3}},"line":2},"1":{"name":"(anonymous_1)","decl":{"start":{"line":7,"column":2},"end":{"line":7,"column":3}},"loc":{"start":{"line":7,"column":42},"end":{"line":10,"column":3}},"line":7},"2":{"name":"(anonymous_2)","decl":{"start":{"line":12,"column":2},"end":{"line":12,"column":3}},"loc":{"start":{"line":12,"column":22},"end":{"line":21,"column":3}},"line":12},"3":{"name":"(anonymous_3)","decl":{"start":{"line":22,"column":2},"end":{"line":22,"column":3}},"loc":{"start":{"line":22,"column":24},"end":{"line":25,"column":3}},"line":22},"4":{"name":"(anonymous_4)","decl":{"start":{"line":27,"column":2},"end":{"line":27,"column":3}},"loc":{"start":{"line":27,"column":19},"end":{"line":30,"column":3}},"line":27}},"branchMap":{"0":{"loc":{"start":{"line":7,"column":18},"end":{"line":7,"column":40}},"type":"default-arg","locations":[{"start":{"line":7,"column":29},"end":{"line":7,"column":40}}],"line":7}},"s":{"0":1,"1":1,"2":0,"3":0,"4":0,"5":0,"6":1,"7":0,"8":0,"9":0},"f":{"0":1,"1":0,"2":0,"3":1,"4":0},"b":{"0":[0]},"_coverageSchema":"1a1c01bbd47fc00a2c39e90264f33305004495a9","hash":"2ac0f9d185e9cf8f4aedc4839a887333f4404a29"}
}
