{"/var/www/lara2019/microverse/ushindi/module 2/seth/meals/src/modules/global-value.js": {"path":"/var/www/lara2019/microverse/ushindi/module 2/seth/meals/src/modules/global-value.js","statementMap":{"0":{"start":{"line":1,"column":14},"end":{"line":1,"column":36}},"1":{"start":{"line":3,"column":19},"end":{"line":3,"column":111}},"2":{"start":{"line":4,"column":24},"end":{"line":6,"column":1}},"3":{"start":{"line":5,"column":2},"end":{"line":5,"column":28}}},"fnMap":{"0":{"name":"(anonymous_0)","decl":{"start":{"line":4,"column":24},"end":{"line":4,"column":25}},"loc":{"start":{"line":4,"column":44},"end":{"line":6,"column":1}},"line":4}},"branchMap":{},"s":{"0":1,"1":1,"2":1,"3":0},"f":{"0":0},"b":{},"_coverageSchema":"1a1c01bbd47fc00a2c39e90264f33305004495a9","hash":"8eda0973f72422839cbcdf7b1ac21b82211c3a44"}
,"/var/www/lara2019/microverse/ushindi/module 2/seth/meals/src/modules/views/comment-dom-elements.js": {"path":"/var/www/lara2019/microverse/ushindi/module 2/seth/meals/src/modules/views/comment-dom-elements.js","statementMap":{"0":{"start":{"line":1,"column":20},"end":{"line":1,"column":51}},"1":{"start":{"line":2,"column":30},"end":{"line":2,"column":69}},"2":{"start":{"line":3,"column":33},"end":{"line":3,"column":75}}},"fnMap":{},"branchMap":{},"s":{"0":1,"1":1,"2":1},"f":{},"b":{},"_coverageSchema":"1a1c01bbd47fc00a2c39e90264f33305004495a9","hash":"88883ed79e02f7915f2d1520ac4c92177a97da7d"}
,"/var/www/lara2019/microverse/ushindi/module 2/seth/meals/src/modules/views/comment-show.js": {"path":"/var/www/lara2019/microverse/ushindi/module 2/seth/meals/src/modules/views/comment-show.js","statementMap":{"0":{"start":{"line":4,"column":20},"end":{"line":10,"column":19}},"1":{"start":{"line":4,"column":30},"end":{"line":10,"column":19}},"2":{"start":{"line":11,"column":30},"end":{"line":11,"column":59}},"3":{"start":{"line":11,"column":44},"end":{"line":11,"column":59}},"4":{"start":{"line":12,"column":24},"end":{"line":19,"column":1}},"5":{"start":{"line":13,"column":16},"end":{"line":13,"column":18}},"6":{"start":{"line":14,"column":2},"end":{"line":16,"column":5}},"7":{"start":{"line":15,"column":4},"end":{"line":15,"column":36}},"8":{"start":{"line":17,"column":2},"end":{"line":17,"column":63}},"9":{"start":{"line":18,"column":2},"end":{"line":18,"column":35}}},"fnMap":{"0":{"name":"(anonymous_0)","decl":{"start":{"line":4,"column":20},"end":{"line":4,"column":21}},"loc":{"start":{"line":4,"column":30},"end":{"line":10,"column":19}},"line":4},"1":{"name":"(anonymous_1)","decl":{"start":{"line":11,"column":30},"end":{"line":11,"column":31}},"loc":{"start":{"line":11,"column":44},"end":{"line":11,"column":59}},"line":11},"2":{"name":"(anonymous_2)","decl":{"start":{"line":12,"column":24},"end":{"line":12,"column":25}},"loc":{"start":{"line":12,"column":38},"end":{"line":19,"column":1}},"line":12},"3":{"name":"(anonymous_3)","decl":{"start":{"line":14,"column":19},"end":{"line":14,"column":20}},"loc":{"start":{"line":14,"column":32},"end":{"line":16,"column":3}},"line":14}},"branchMap":{},"s":{"0":1,"1":0,"2":1,"3":1,"4":1,"5":0,"6":0,"7":0,"8":0,"9":0},"f":{"0":0,"1":1,"2":0,"3":0},"b":{},"_coverageSchema":"1a1c01bbd47fc00a2c39e90264f33305004495a9","hash":"2afef197bd1737265c59f8b885f20875925b5589"}
}
